2020-07-06 10:33:00,948 ERROR 13928 [-/127.0.0.1/-/46ms POST /v1/order] nodejs.ValidationError: OrderList validation failed: mallPrice: Cast to Number failed for value "NaN" at path "mallPrice", order_list.0.mallPrice: Cast to Number failed for value "NaN" at path "mallPrice"
    at model.Document.invalidate (D:\前端\前端课程\项目\shopping-mall\server\node_modules\_mongoose@5.9.19@mongoose\lib\document.js:2574:32)
    at model.$set (D:\前端\前端课程\项目\shopping-mall\server\node_modules\_mongoose@5.9.19@mongoose\lib\document.js:1246:12)
    at model._handleIndex (D:\前端\前端课程\项目\shopping-mall\server\node_modules\_mongoose@5.9.19@mongoose\lib\document.js:979:14)
    at model.$set (D:\前端\前端课程\项目\shopping-mall\server\node_modules\_mongoose@5.9.19@mongoose\lib\document.js:920:22)
    at model.Document (D:\前端\前端课程\项目\shopping-mall\server\node_modules\_mongoose@5.9.19@mongoose\lib\document.js:139:12)
    at model.Model (D:\前端\前端课程\项目\shopping-mall\server\node_modules\_mongoose@5.9.19@mongoose\lib\model.js:107:12)
    at new model (D:\前端\前端课程\项目\shopping-mall\server\node_modules\_mongoose@5.9.19@mongoose\lib\model.js:4706:15)
    at OperatingGoodsController.order (D:\前端\前端课程\项目\shopping-mall\server\app\controller\api\operatingGoods.js:223:25)
    at runMicrotasks (<anonymous>)
    at processTicksAndRejections (internal/process/task_queues.js:97:5)
    at async D:\前端\前端课程\项目\shopping-mall\server\app\middleware\isLogin.js:15:13
    at async D:\前端\前端课程\项目\shopping-mall\server\node_modules\_egg-development@2.5.0@egg-development\app\middleware\egg_loader_trace.js:9:50
    at async xframe (D:\前端\前端课程\项目\shopping-mall\server\node_modules\_egg-security@2.8.0@egg-security\lib\middlewares\xframe.js:7:5)
    at async xssProtection (D:\前端\前端课程\项目\shopping-mall\server\node_modules\_egg-security@2.8.0@egg-security\lib\middlewares\xssProtection.js:7:5)
    at async nosniff (D:\前端\前端课程\项目\shopping-mall\server\node_modules\_egg-security@2.8.0@egg-security\lib\middlewares\nosniff.js:8:5)
    at async noopen (D:\前端\前端课程\项目\shopping-mall\server\node_modules\_egg-security@2.8.0@egg-security\lib\middlewares\noopen.js:8:5)
errors: {"mallPrice":{"stringValue":"\"NaN\"","kind":"Number","value":null,"path":"mallPrice","reason":{"generatedMessage":true,"code":"ERR_ASSERTION","actual":false,"expected":true,"operator":"=="}},"order_list.0.mallPrice":{"stringValue":"\"NaN\"","kind":"Number","value":null,"path":"mallPrice","reason":{"generatedMessage":true,"code":"ERR_ASSERTION","actual":false,"expected":true,"operator":"=="}}}
_message: "OrderList validation failed"
pid: 13928
hostname: DESKTOP-H5UU7FJ

2020-07-06 10:33:04,294 ERROR 13928 [-/127.0.0.1/-/5ms POST /v1/order] nodejs.ValidationError: OrderList validation failed: mallPrice: Cast to Number failed for value "NaN" at path "mallPrice", order_list.0.mallPrice: Cast to Number failed for value "NaN" at path "mallPrice"
    at model.Document.invalidate (D:\前端\前端课程\项目\shopping-mall\server\node_modules\_mongoose@5.9.19@mongoose\lib\document.js:2574:32)
    at model.$set (D:\前端\前端课程\项目\shopping-mall\server\node_modules\_mongoose@5.9.19@mongoose\lib\document.js:1246:12)
    at model._handleIndex (D:\前端\前端课程\项目\shopping-mall\server\node_modules\_mongoose@5.9.19@mongoose\lib\document.js:979:14)
    at model.$set (D:\前端\前端课程\项目\shopping-mall\server\node_modules\_mongoose@5.9.19@mongoose\lib\document.js:920:22)
    at model.Document (D:\前端\前端课程\项目\shopping-mall\server\node_modules\_mongoose@5.9.19@mongoose\lib\document.js:139:12)
    at model.Model (D:\前端\前端课程\项目\shopping-mall\server\node_modules\_mongoose@5.9.19@mongoose\lib\model.js:107:12)
    at new model (D:\前端\前端课程\项目\shopping-mall\server\node_modules\_mongoose@5.9.19@mongoose\lib\model.js:4706:15)
    at OperatingGoodsController.order (D:\前端\前端课程\项目\shopping-mall\server\app\controller\api\operatingGoods.js:223:25)
    at runMicrotasks (<anonymous>)
    at processTicksAndRejections (internal/process/task_queues.js:97:5)
    at async D:\前端\前端课程\项目\shopping-mall\server\app\middleware\isLogin.js:15:13
    at async D:\前端\前端课程\项目\shopping-mall\server\node_modules\_egg-development@2.5.0@egg-development\app\middleware\egg_loader_trace.js:9:50
    at async xframe (D:\前端\前端课程\项目\shopping-mall\server\node_modules\_egg-security@2.8.0@egg-security\lib\middlewares\xframe.js:7:5)
    at async xssProtection (D:\前端\前端课程\项目\shopping-mall\server\node_modules\_egg-security@2.8.0@egg-security\lib\middlewares\xssProtection.js:7:5)
    at async nosniff (D:\前端\前端课程\项目\shopping-mall\server\node_modules\_egg-security@2.8.0@egg-security\lib\middlewares\nosniff.js:8:5)
    at async noopen (D:\前端\前端课程\项目\shopping-mall\server\node_modules\_egg-security@2.8.0@egg-security\lib\middlewares\noopen.js:8:5)
errors: {"mallPrice":{"stringValue":"\"NaN\"","kind":"Number","value":null,"path":"mallPrice","reason":{"generatedMessage":true,"code":"ERR_ASSERTION","actual":false,"expected":true,"operator":"=="}},"order_list.0.mallPrice":{"stringValue":"\"NaN\"","kind":"Number","value":null,"path":"mallPrice","reason":{"generatedMessage":true,"code":"ERR_ASSERTION","actual":false,"expected":true,"operator":"=="}}}
_message: "OrderList validation failed"
pid: 13928
hostname: DESKTOP-H5UU7FJ

2020-07-06 10:33:05,739 ERROR 13928 [-/127.0.0.1/-/7ms POST /v1/order] nodejs.ValidationError: OrderList validation failed: mallPrice: Cast to Number failed for value "NaN" at path "mallPrice", order_list.0.mallPrice: Cast to Number failed for value "NaN" at path "mallPrice"
    at model.Document.invalidate (D:\前端\前端课程\项目\shopping-mall\server\node_modules\_mongoose@5.9.19@mongoose\lib\document.js:2574:32)
    at model.$set (D:\前端\前端课程\项目\shopping-mall\server\node_modules\_mongoose@5.9.19@mongoose\lib\document.js:1246:12)
    at model._handleIndex (D:\前端\前端课程\项目\shopping-mall\server\node_modules\_mongoose@5.9.19@mongoose\lib\document.js:979:14)
    at model.$set (D:\前端\前端课程\项目\shopping-mall\server\node_modules\_mongoose@5.9.19@mongoose\lib\document.js:920:22)
    at model.Document (D:\前端\前端课程\项目\shopping-mall\server\node_modules\_mongoose@5.9.19@mongoose\lib\document.js:139:12)
    at model.Model (D:\前端\前端课程\项目\shopping-mall\server\node_modules\_mongoose@5.9.19@mongoose\lib\model.js:107:12)
    at new model (D:\前端\前端课程\项目\shopping-mall\server\node_modules\_mongoose@5.9.19@mongoose\lib\model.js:4706:15)
    at OperatingGoodsController.order (D:\前端\前端课程\项目\shopping-mall\server\app\controller\api\operatingGoods.js:223:25)
    at runMicrotasks (<anonymous>)
    at processTicksAndRejections (internal/process/task_queues.js:97:5)
    at async D:\前端\前端课程\项目\shopping-mall\server\app\middleware\isLogin.js:15:13
    at async D:\前端\前端课程\项目\shopping-mall\server\node_modules\_egg-development@2.5.0@egg-development\app\middleware\egg_loader_trace.js:9:50
    at async xframe (D:\前端\前端课程\项目\shopping-mall\server\node_modules\_egg-security@2.8.0@egg-security\lib\middlewares\xframe.js:7:5)
    at async xssProtection (D:\前端\前端课程\项目\shopping-mall\server\node_modules\_egg-security@2.8.0@egg-security\lib\middlewares\xssProtection.js:7:5)
    at async nosniff (D:\前端\前端课程\项目\shopping-mall\server\node_modules\_egg-security@2.8.0@egg-security\lib\middlewares\nosniff.js:8:5)
    at async noopen (D:\前端\前端课程\项目\shopping-mall\server\node_modules\_egg-security@2.8.0@egg-security\lib\middlewares\noopen.js:8:5)
errors: {"mallPrice":{"stringValue":"\"NaN\"","kind":"Number","value":null,"path":"mallPrice","reason":{"generatedMessage":true,"code":"ERR_ASSERTION","actual":false,"expected":true,"operator":"=="}},"order_list.0.mallPrice":{"stringValue":"\"NaN\"","kind":"Number","value":null,"path":"mallPrice","reason":{"generatedMessage":true,"code":"ERR_ASSERTION","actual":false,"expected":true,"operator":"=="}}}
_message: "OrderList validation failed"
pid: 13928
hostname: DESKTOP-H5UU7FJ

2020-07-06 10:33:05,896 ERROR 13928 [-/127.0.0.1/-/6ms POST /v1/order] nodejs.ValidationError: OrderList validation failed: mallPrice: Cast to Number failed for value "NaN" at path "mallPrice", order_list.0.mallPrice: Cast to Number failed for value "NaN" at path "mallPrice"
    at model.Document.invalidate (D:\前端\前端课程\项目\shopping-mall\server\node_modules\_mongoose@5.9.19@mongoose\lib\document.js:2574:32)
    at model.$set (D:\前端\前端课程\项目\shopping-mall\server\node_modules\_mongoose@5.9.19@mongoose\lib\document.js:1246:12)
    at model._handleIndex (D:\前端\前端课程\项目\shopping-mall\server\node_modules\_mongoose@5.9.19@mongoose\lib\document.js:979:14)
    at model.$set (D:\前端\前端课程\项目\shopping-mall\server\node_modules\_mongoose@5.9.19@mongoose\lib\document.js:920:22)
    at model.Document (D:\前端\前端课程\项目\shopping-mall\server\node_modules\_mongoose@5.9.19@mongoose\lib\document.js:139:12)
    at model.Model (D:\前端\前端课程\项目\shopping-mall\server\node_modules\_mongoose@5.9.19@mongoose\lib\model.js:107:12)
    at new model (D:\前端\前端课程\项目\shopping-mall\server\node_modules\_mongoose@5.9.19@mongoose\lib\model.js:4706:15)
    at OperatingGoodsController.order (D:\前端\前端课程\项目\shopping-mall\server\app\controller\api\operatingGoods.js:223:25)
    at runMicrotasks (<anonymous>)
    at processTicksAndRejections (internal/process/task_queues.js:97:5)
    at async D:\前端\前端课程\项目\shopping-mall\server\app\middleware\isLogin.js:15:13
    at async D:\前端\前端课程\项目\shopping-mall\server\node_modules\_egg-development@2.5.0@egg-development\app\middleware\egg_loader_trace.js:9:50
    at async xframe (D:\前端\前端课程\项目\shopping-mall\server\node_modules\_egg-security@2.8.0@egg-security\lib\middlewares\xframe.js:7:5)
    at async xssProtection (D:\前端\前端课程\项目\shopping-mall\server\node_modules\_egg-security@2.8.0@egg-security\lib\middlewares\xssProtection.js:7:5)
    at async nosniff (D:\前端\前端课程\项目\shopping-mall\server\node_modules\_egg-security@2.8.0@egg-security\lib\middlewares\nosniff.js:8:5)
    at async noopen (D:\前端\前端课程\项目\shopping-mall\server\node_modules\_egg-security@2.8.0@egg-security\lib\middlewares\noopen.js:8:5)
errors: {"mallPrice":{"stringValue":"\"NaN\"","kind":"Number","value":null,"path":"mallPrice","reason":{"generatedMessage":true,"code":"ERR_ASSERTION","actual":false,"expected":true,"operator":"=="}},"order_list.0.mallPrice":{"stringValue":"\"NaN\"","kind":"Number","value":null,"path":"mallPrice","reason":{"generatedMessage":true,"code":"ERR_ASSERTION","actual":false,"expected":true,"operator":"=="}}}
_message: "OrderList validation failed"
pid: 13928
hostname: DESKTOP-H5UU7FJ

2020-07-06 10:33:06,032 ERROR 13928 [-/127.0.0.1/-/5ms POST /v1/order] nodejs.ValidationError: OrderList validation failed: mallPrice: Cast to Number failed for value "NaN" at path "mallPrice", order_list.0.mallPrice: Cast to Number failed for value "NaN" at path "mallPrice"
    at model.Document.invalidate (D:\前端\前端课程\项目\shopping-mall\server\node_modules\_mongoose@5.9.19@mongoose\lib\document.js:2574:32)
    at model.$set (D:\前端\前端课程\项目\shopping-mall\server\node_modules\_mongoose@5.9.19@mongoose\lib\document.js:1246:12)
    at model._handleIndex (D:\前端\前端课程\项目\shopping-mall\server\node_modules\_mongoose@5.9.19@mongoose\lib\document.js:979:14)
    at model.$set (D:\前端\前端课程\项目\shopping-mall\server\node_modules\_mongoose@5.9.19@mongoose\lib\document.js:920:22)
    at model.Document (D:\前端\前端课程\项目\shopping-mall\server\node_modules\_mongoose@5.9.19@mongoose\lib\document.js:139:12)
    at model.Model (D:\前端\前端课程\项目\shopping-mall\server\node_modules\_mongoose@5.9.19@mongoose\lib\model.js:107:12)
    at new model (D:\前端\前端课程\项目\shopping-mall\server\node_modules\_mongoose@5.9.19@mongoose\lib\model.js:4706:15)
    at OperatingGoodsController.order (D:\前端\前端课程\项目\shopping-mall\server\app\controller\api\operatingGoods.js:223:25)
    at runMicrotasks (<anonymous>)
    at processTicksAndRejections (internal/process/task_queues.js:97:5)
    at async D:\前端\前端课程\项目\shopping-mall\server\app\middleware\isLogin.js:15:13
    at async D:\前端\前端课程\项目\shopping-mall\server\node_modules\_egg-development@2.5.0@egg-development\app\middleware\egg_loader_trace.js:9:50
    at async xframe (D:\前端\前端课程\项目\shopping-mall\server\node_modules\_egg-security@2.8.0@egg-security\lib\middlewares\xframe.js:7:5)
    at async xssProtection (D:\前端\前端课程\项目\shopping-mall\server\node_modules\_egg-security@2.8.0@egg-security\lib\middlewares\xssProtection.js:7:5)
    at async nosniff (D:\前端\前端课程\项目\shopping-mall\server\node_modules\_egg-security@2.8.0@egg-security\lib\middlewares\nosniff.js:8:5)
    at async noopen (D:\前端\前端课程\项目\shopping-mall\server\node_modules\_egg-security@2.8.0@egg-security\lib\middlewares\noopen.js:8:5)
errors: {"mallPrice":{"stringValue":"\"NaN\"","kind":"Number","value":null,"path":"mallPrice","reason":{"generatedMessage":true,"code":"ERR_ASSERTION","actual":false,"expected":true,"operator":"=="}},"order_list.0.mallPrice":{"stringValue":"\"NaN\"","kind":"Number","value":null,"path":"mallPrice","reason":{"generatedMessage":true,"code":"ERR_ASSERTION","actual":false,"expected":true,"operator":"=="}}}
_message: "OrderList validation failed"
pid: 13928
hostname: DESKTOP-H5UU7FJ

2020-07-06 10:33:06,181 ERROR 13928 [-/127.0.0.1/-/6ms POST /v1/order] nodejs.ValidationError: OrderList validation failed: mallPrice: Cast to Number failed for value "NaN" at path "mallPrice", order_list.0.mallPrice: Cast to Number failed for value "NaN" at path "mallPrice"
    at model.Document.invalidate (D:\前端\前端课程\项目\shopping-mall\server\node_modules\_mongoose@5.9.19@mongoose\lib\document.js:2574:32)
    at model.$set (D:\前端\前端课程\项目\shopping-mall\server\node_modules\_mongoose@5.9.19@mongoose\lib\document.js:1246:12)
    at model._handleIndex (D:\前端\前端课程\项目\shopping-mall\server\node_modules\_mongoose@5.9.19@mongoose\lib\document.js:979:14)
    at model.$set (D:\前端\前端课程\项目\shopping-mall\server\node_modules\_mongoose@5.9.19@mongoose\lib\document.js:920:22)
    at model.Document (D:\前端\前端课程\项目\shopping-mall\server\node_modules\_mongoose@5.9.19@mongoose\lib\document.js:139:12)
    at model.Model (D:\前端\前端课程\项目\shopping-mall\server\node_modules\_mongoose@5.9.19@mongoose\lib\model.js:107:12)
    at new model (D:\前端\前端课程\项目\shopping-mall\server\node_modules\_mongoose@5.9.19@mongoose\lib\model.js:4706:15)
    at OperatingGoodsController.order (D:\前端\前端课程\项目\shopping-mall\server\app\controller\api\operatingGoods.js:223:25)
    at runMicrotasks (<anonymous>)
    at processTicksAndRejections (internal/process/task_queues.js:97:5)
    at async D:\前端\前端课程\项目\shopping-mall\server\app\middleware\isLogin.js:15:13
    at async D:\前端\前端课程\项目\shopping-mall\server\node_modules\_egg-development@2.5.0@egg-development\app\middleware\egg_loader_trace.js:9:50
    at async xframe (D:\前端\前端课程\项目\shopping-mall\server\node_modules\_egg-security@2.8.0@egg-security\lib\middlewares\xframe.js:7:5)
    at async xssProtection (D:\前端\前端课程\项目\shopping-mall\server\node_modules\_egg-security@2.8.0@egg-security\lib\middlewares\xssProtection.js:7:5)
    at async nosniff (D:\前端\前端课程\项目\shopping-mall\server\node_modules\_egg-security@2.8.0@egg-security\lib\middlewares\nosniff.js:8:5)
    at async noopen (D:\前端\前端课程\项目\shopping-mall\server\node_modules\_egg-security@2.8.0@egg-security\lib\middlewares\noopen.js:8:5)
errors: {"mallPrice":{"stringValue":"\"NaN\"","kind":"Number","value":null,"path":"mallPrice","reason":{"generatedMessage":true,"code":"ERR_ASSERTION","actual":false,"expected":true,"operator":"=="}},"order_list.0.mallPrice":{"stringValue":"\"NaN\"","kind":"Number","value":null,"path":"mallPrice","reason":{"generatedMessage":true,"code":"ERR_ASSERTION","actual":false,"expected":true,"operator":"=="}}}
_message: "OrderList validation failed"
pid: 13928
hostname: DESKTOP-H5UU7FJ

2020-07-06 10:33:06,324 ERROR 13928 [-/127.0.0.1/-/5ms POST /v1/order] nodejs.ValidationError: OrderList validation failed: mallPrice: Cast to Number failed for value "NaN" at path "mallPrice", order_list.0.mallPrice: Cast to Number failed for value "NaN" at path "mallPrice"
    at model.Document.invalidate (D:\前端\前端课程\项目\shopping-mall\server\node_modules\_mongoose@5.9.19@mongoose\lib\document.js:2574:32)
    at model.$set (D:\前端\前端课程\项目\shopping-mall\server\node_modules\_mongoose@5.9.19@mongoose\lib\document.js:1246:12)
    at model._handleIndex (D:\前端\前端课程\项目\shopping-mall\server\node_modules\_mongoose@5.9.19@mongoose\lib\document.js:979:14)
    at model.$set (D:\前端\前端课程\项目\shopping-mall\server\node_modules\_mongoose@5.9.19@mongoose\lib\document.js:920:22)
    at model.Document (D:\前端\前端课程\项目\shopping-mall\server\node_modules\_mongoose@5.9.19@mongoose\lib\document.js:139:12)
    at model.Model (D:\前端\前端课程\项目\shopping-mall\server\node_modules\_mongoose@5.9.19@mongoose\lib\model.js:107:12)
    at new model (D:\前端\前端课程\项目\shopping-mall\server\node_modules\_mongoose@5.9.19@mongoose\lib\model.js:4706:15)
    at OperatingGoodsController.order (D:\前端\前端课程\项目\shopping-mall\server\app\controller\api\operatingGoods.js:223:25)
    at runMicrotasks (<anonymous>)
    at processTicksAndRejections (internal/process/task_queues.js:97:5)
    at async D:\前端\前端课程\项目\shopping-mall\server\app\middleware\isLogin.js:15:13
    at async D:\前端\前端课程\项目\shopping-mall\server\node_modules\_egg-development@2.5.0@egg-development\app\middleware\egg_loader_trace.js:9:50
    at async xframe (D:\前端\前端课程\项目\shopping-mall\server\node_modules\_egg-security@2.8.0@egg-security\lib\middlewares\xframe.js:7:5)
    at async xssProtection (D:\前端\前端课程\项目\shopping-mall\server\node_modules\_egg-security@2.8.0@egg-security\lib\middlewares\xssProtection.js:7:5)
    at async nosniff (D:\前端\前端课程\项目\shopping-mall\server\node_modules\_egg-security@2.8.0@egg-security\lib\middlewares\nosniff.js:8:5)
    at async noopen (D:\前端\前端课程\项目\shopping-mall\server\node_modules\_egg-security@2.8.0@egg-security\lib\middlewares\noopen.js:8:5)
errors: {"mallPrice":{"stringValue":"\"NaN\"","kind":"Number","value":null,"path":"mallPrice","reason":{"generatedMessage":true,"code":"ERR_ASSERTION","actual":false,"expected":true,"operator":"=="}},"order_list.0.mallPrice":{"stringValue":"\"NaN\"","kind":"Number","value":null,"path":"mallPrice","reason":{"generatedMessage":true,"code":"ERR_ASSERTION","actual":false,"expected":true,"operator":"=="}}}
_message: "OrderList validation failed"
pid: 13928
hostname: DESKTOP-H5UU7FJ

2020-07-06 10:33:06,450 ERROR 13928 [-/127.0.0.1/-/6ms POST /v1/order] nodejs.ValidationError: OrderList validation failed: mallPrice: Cast to Number failed for value "NaN" at path "mallPrice", order_list.0.mallPrice: Cast to Number failed for value "NaN" at path "mallPrice"
    at model.Document.invalidate (D:\前端\前端课程\项目\shopping-mall\server\node_modules\_mongoose@5.9.19@mongoose\lib\document.js:2574:32)
    at model.$set (D:\前端\前端课程\项目\shopping-mall\server\node_modules\_mongoose@5.9.19@mongoose\lib\document.js:1246:12)
    at model._handleIndex (D:\前端\前端课程\项目\shopping-mall\server\node_modules\_mongoose@5.9.19@mongoose\lib\document.js:979:14)
    at model.$set (D:\前端\前端课程\项目\shopping-mall\server\node_modules\_mongoose@5.9.19@mongoose\lib\document.js:920:22)
    at model.Document (D:\前端\前端课程\项目\shopping-mall\server\node_modules\_mongoose@5.9.19@mongoose\lib\document.js:139:12)
    at model.Model (D:\前端\前端课程\项目\shopping-mall\server\node_modules\_mongoose@5.9.19@mongoose\lib\model.js:107:12)
    at new model (D:\前端\前端课程\项目\shopping-mall\server\node_modules\_mongoose@5.9.19@mongoose\lib\model.js:4706:15)
    at OperatingGoodsController.order (D:\前端\前端课程\项目\shopping-mall\server\app\controller\api\operatingGoods.js:223:25)
    at runMicrotasks (<anonymous>)
    at processTicksAndRejections (internal/process/task_queues.js:97:5)
    at async D:\前端\前端课程\项目\shopping-mall\server\app\middleware\isLogin.js:15:13
    at async D:\前端\前端课程\项目\shopping-mall\server\node_modules\_egg-development@2.5.0@egg-development\app\middleware\egg_loader_trace.js:9:50
    at async xframe (D:\前端\前端课程\项目\shopping-mall\server\node_modules\_egg-security@2.8.0@egg-security\lib\middlewares\xframe.js:7:5)
    at async xssProtection (D:\前端\前端课程\项目\shopping-mall\server\node_modules\_egg-security@2.8.0@egg-security\lib\middlewares\xssProtection.js:7:5)
    at async nosniff (D:\前端\前端课程\项目\shopping-mall\server\node_modules\_egg-security@2.8.0@egg-security\lib\middlewares\nosniff.js:8:5)
    at async noopen (D:\前端\前端课程\项目\shopping-mall\server\node_modules\_egg-security@2.8.0@egg-security\lib\middlewares\noopen.js:8:5)
errors: {"mallPrice":{"stringValue":"\"NaN\"","kind":"Number","value":null,"path":"mallPrice","reason":{"generatedMessage":true,"code":"ERR_ASSERTION","actual":false,"expected":true,"operator":"=="}},"order_list.0.mallPrice":{"stringValue":"\"NaN\"","kind":"Number","value":null,"path":"mallPrice","reason":{"generatedMessage":true,"code":"ERR_ASSERTION","actual":false,"expected":true,"operator":"=="}}}
_message: "OrderList validation failed"
pid: 13928
hostname: DESKTOP-H5UU7FJ

2020-07-06 10:33:09,060 ERROR 13928 [-/127.0.0.1/-/5ms POST /v1/order] nodejs.ValidationError: OrderList validation failed: mallPrice: Cast to Number failed for value "NaN" at path "mallPrice", order_list.0.mallPrice: Cast to Number failed for value "NaN" at path "mallPrice"
    at model.Document.invalidate (D:\前端\前端课程\项目\shopping-mall\server\node_modules\_mongoose@5.9.19@mongoose\lib\document.js:2574:32)
    at model.$set (D:\前端\前端课程\项目\shopping-mall\server\node_modules\_mongoose@5.9.19@mongoose\lib\document.js:1246:12)
    at model._handleIndex (D:\前端\前端课程\项目\shopping-mall\server\node_modules\_mongoose@5.9.19@mongoose\lib\document.js:979:14)
    at model.$set (D:\前端\前端课程\项目\shopping-mall\server\node_modules\_mongoose@5.9.19@mongoose\lib\document.js:920:22)
    at model.Document (D:\前端\前端课程\项目\shopping-mall\server\node_modules\_mongoose@5.9.19@mongoose\lib\document.js:139:12)
    at model.Model (D:\前端\前端课程\项目\shopping-mall\server\node_modules\_mongoose@5.9.19@mongoose\lib\model.js:107:12)
    at new model (D:\前端\前端课程\项目\shopping-mall\server\node_modules\_mongoose@5.9.19@mongoose\lib\model.js:4706:15)
    at OperatingGoodsController.order (D:\前端\前端课程\项目\shopping-mall\server\app\controller\api\operatingGoods.js:223:25)
    at runMicrotasks (<anonymous>)
    at processTicksAndRejections (internal/process/task_queues.js:97:5)
    at async D:\前端\前端课程\项目\shopping-mall\server\app\middleware\isLogin.js:15:13
    at async D:\前端\前端课程\项目\shopping-mall\server\node_modules\_egg-development@2.5.0@egg-development\app\middleware\egg_loader_trace.js:9:50
    at async xframe (D:\前端\前端课程\项目\shopping-mall\server\node_modules\_egg-security@2.8.0@egg-security\lib\middlewares\xframe.js:7:5)
    at async xssProtection (D:\前端\前端课程\项目\shopping-mall\server\node_modules\_egg-security@2.8.0@egg-security\lib\middlewares\xssProtection.js:7:5)
    at async nosniff (D:\前端\前端课程\项目\shopping-mall\server\node_modules\_egg-security@2.8.0@egg-security\lib\middlewares\nosniff.js:8:5)
    at async noopen (D:\前端\前端课程\项目\shopping-mall\server\node_modules\_egg-security@2.8.0@egg-security\lib\middlewares\noopen.js:8:5)
errors: {"mallPrice":{"stringValue":"\"NaN\"","kind":"Number","value":null,"path":"mallPrice","reason":{"generatedMessage":true,"code":"ERR_ASSERTION","actual":false,"expected":true,"operator":"=="}},"order_list.0.mallPrice":{"stringValue":"\"NaN\"","kind":"Number","value":null,"path":"mallPrice","reason":{"generatedMessage":true,"code":"ERR_ASSERTION","actual":false,"expected":true,"operator":"=="}}}
_message: "OrderList validation failed"
pid: 13928
hostname: DESKTOP-H5UU7FJ

2020-07-06 10:33:09,186 ERROR 13928 [-/127.0.0.1/-/6ms POST /v1/order] nodejs.ValidationError: OrderList validation failed: mallPrice: Cast to Number failed for value "NaN" at path "mallPrice", order_list.0.mallPrice: Cast to Number failed for value "NaN" at path "mallPrice"
    at model.Document.invalidate (D:\前端\前端课程\项目\shopping-mall\server\node_modules\_mongoose@5.9.19@mongoose\lib\document.js:2574:32)
    at model.$set (D:\前端\前端课程\项目\shopping-mall\server\node_modules\_mongoose@5.9.19@mongoose\lib\document.js:1246:12)
    at model._handleIndex (D:\前端\前端课程\项目\shopping-mall\server\node_modules\_mongoose@5.9.19@mongoose\lib\document.js:979:14)
    at model.$set (D:\前端\前端课程\项目\shopping-mall\server\node_modules\_mongoose@5.9.19@mongoose\lib\document.js:920:22)
    at model.Document (D:\前端\前端课程\项目\shopping-mall\server\node_modules\_mongoose@5.9.19@mongoose\lib\document.js:139:12)
    at model.Model (D:\前端\前端课程\项目\shopping-mall\server\node_modules\_mongoose@5.9.19@mongoose\lib\model.js:107:12)
    at new model (D:\前端\前端课程\项目\shopping-mall\server\node_modules\_mongoose@5.9.19@mongoose\lib\model.js:4706:15)
    at OperatingGoodsController.order (D:\前端\前端课程\项目\shopping-mall\server\app\controller\api\operatingGoods.js:223:25)
    at runMicrotasks (<anonymous>)
    at processTicksAndRejections (internal/process/task_queues.js:97:5)
    at async D:\前端\前端课程\项目\shopping-mall\server\app\middleware\isLogin.js:15:13
    at async D:\前端\前端课程\项目\shopping-mall\server\node_modules\_egg-development@2.5.0@egg-development\app\middleware\egg_loader_trace.js:9:50
    at async xframe (D:\前端\前端课程\项目\shopping-mall\server\node_modules\_egg-security@2.8.0@egg-security\lib\middlewares\xframe.js:7:5)
    at async xssProtection (D:\前端\前端课程\项目\shopping-mall\server\node_modules\_egg-security@2.8.0@egg-security\lib\middlewares\xssProtection.js:7:5)
    at async nosniff (D:\前端\前端课程\项目\shopping-mall\server\node_modules\_egg-security@2.8.0@egg-security\lib\middlewares\nosniff.js:8:5)
    at async noopen (D:\前端\前端课程\项目\shopping-mall\server\node_modules\_egg-security@2.8.0@egg-security\lib\middlewares\noopen.js:8:5)
errors: {"mallPrice":{"stringValue":"\"NaN\"","kind":"Number","value":null,"path":"mallPrice","reason":{"generatedMessage":true,"code":"ERR_ASSERTION","actual":false,"expected":true,"operator":"=="}},"order_list.0.mallPrice":{"stringValue":"\"NaN\"","kind":"Number","value":null,"path":"mallPrice","reason":{"generatedMessage":true,"code":"ERR_ASSERTION","actual":false,"expected":true,"operator":"=="}}}
_message: "OrderList validation failed"
pid: 13928
hostname: DESKTOP-H5UU7FJ

2020-07-06 10:33:11,839 ERROR 13928 [-/127.0.0.1/-/9ms POST /v1/order] nodejs.ValidationError: OrderList validation failed: mallPrice: Cast to Number failed for value "NaN" at path "mallPrice", order_list.0.mallPrice: Cast to Number failed for value "NaN" at path "mallPrice"
    at model.Document.invalidate (D:\前端\前端课程\项目\shopping-mall\server\node_modules\_mongoose@5.9.19@mongoose\lib\document.js:2574:32)
    at model.$set (D:\前端\前端课程\项目\shopping-mall\server\node_modules\_mongoose@5.9.19@mongoose\lib\document.js:1246:12)
    at model._handleIndex (D:\前端\前端课程\项目\shopping-mall\server\node_modules\_mongoose@5.9.19@mongoose\lib\document.js:979:14)
    at model.$set (D:\前端\前端课程\项目\shopping-mall\server\node_modules\_mongoose@5.9.19@mongoose\lib\document.js:920:22)
    at model.Document (D:\前端\前端课程\项目\shopping-mall\server\node_modules\_mongoose@5.9.19@mongoose\lib\document.js:139:12)
    at model.Model (D:\前端\前端课程\项目\shopping-mall\server\node_modules\_mongoose@5.9.19@mongoose\lib\model.js:107:12)
    at new model (D:\前端\前端课程\项目\shopping-mall\server\node_modules\_mongoose@5.9.19@mongoose\lib\model.js:4706:15)
    at OperatingGoodsController.order (D:\前端\前端课程\项目\shopping-mall\server\app\controller\api\operatingGoods.js:223:25)
    at runMicrotasks (<anonymous>)
    at processTicksAndRejections (internal/process/task_queues.js:97:5)
    at async D:\前端\前端课程\项目\shopping-mall\server\app\middleware\isLogin.js:15:13
    at async D:\前端\前端课程\项目\shopping-mall\server\node_modules\_egg-development@2.5.0@egg-development\app\middleware\egg_loader_trace.js:9:50
    at async xframe (D:\前端\前端课程\项目\shopping-mall\server\node_modules\_egg-security@2.8.0@egg-security\lib\middlewares\xframe.js:7:5)
    at async xssProtection (D:\前端\前端课程\项目\shopping-mall\server\node_modules\_egg-security@2.8.0@egg-security\lib\middlewares\xssProtection.js:7:5)
    at async nosniff (D:\前端\前端课程\项目\shopping-mall\server\node_modules\_egg-security@2.8.0@egg-security\lib\middlewares\nosniff.js:8:5)
    at async noopen (D:\前端\前端课程\项目\shopping-mall\server\node_modules\_egg-security@2.8.0@egg-security\lib\middlewares\noopen.js:8:5)
errors: {"mallPrice":{"stringValue":"\"NaN\"","kind":"Number","value":null,"path":"mallPrice","reason":{"generatedMessage":true,"code":"ERR_ASSERTION","actual":false,"expected":true,"operator":"=="}},"order_list.0.mallPrice":{"stringValue":"\"NaN\"","kind":"Number","value":null,"path":"mallPrice","reason":{"generatedMessage":true,"code":"ERR_ASSERTION","actual":false,"expected":true,"operator":"=="}}}
_message: "OrderList validation failed"
pid: 13928
hostname: DESKTOP-H5UU7FJ

2020-07-06 10:33:11,986 ERROR 13928 [-/127.0.0.1/-/5ms POST /v1/order] nodejs.ValidationError: OrderList validation failed: mallPrice: Cast to Number failed for value "NaN" at path "mallPrice", order_list.0.mallPrice: Cast to Number failed for value "NaN" at path "mallPrice"
    at model.Document.invalidate (D:\前端\前端课程\项目\shopping-mall\server\node_modules\_mongoose@5.9.19@mongoose\lib\document.js:2574:32)
    at model.$set (D:\前端\前端课程\项目\shopping-mall\server\node_modules\_mongoose@5.9.19@mongoose\lib\document.js:1246:12)
    at model._handleIndex (D:\前端\前端课程\项目\shopping-mall\server\node_modules\_mongoose@5.9.19@mongoose\lib\document.js:979:14)
    at model.$set (D:\前端\前端课程\项目\shopping-mall\server\node_modules\_mongoose@5.9.19@mongoose\lib\document.js:920:22)
    at model.Document (D:\前端\前端课程\项目\shopping-mall\server\node_modules\_mongoose@5.9.19@mongoose\lib\document.js:139:12)
    at model.Model (D:\前端\前端课程\项目\shopping-mall\server\node_modules\_mongoose@5.9.19@mongoose\lib\model.js:107:12)
    at new model (D:\前端\前端课程\项目\shopping-mall\server\node_modules\_mongoose@5.9.19@mongoose\lib\model.js:4706:15)
    at OperatingGoodsController.order (D:\前端\前端课程\项目\shopping-mall\server\app\controller\api\operatingGoods.js:223:25)
    at runMicrotasks (<anonymous>)
    at processTicksAndRejections (internal/process/task_queues.js:97:5)
    at async D:\前端\前端课程\项目\shopping-mall\server\app\middleware\isLogin.js:15:13
    at async D:\前端\前端课程\项目\shopping-mall\server\node_modules\_egg-development@2.5.0@egg-development\app\middleware\egg_loader_trace.js:9:50
    at async xframe (D:\前端\前端课程\项目\shopping-mall\server\node_modules\_egg-security@2.8.0@egg-security\lib\middlewares\xframe.js:7:5)
    at async xssProtection (D:\前端\前端课程\项目\shopping-mall\server\node_modules\_egg-security@2.8.0@egg-security\lib\middlewares\xssProtection.js:7:5)
    at async nosniff (D:\前端\前端课程\项目\shopping-mall\server\node_modules\_egg-security@2.8.0@egg-security\lib\middlewares\nosniff.js:8:5)
    at async noopen (D:\前端\前端课程\项目\shopping-mall\server\node_modules\_egg-security@2.8.0@egg-security\lib\middlewares\noopen.js:8:5)
errors: {"mallPrice":{"stringValue":"\"NaN\"","kind":"Number","value":null,"path":"mallPrice","reason":{"generatedMessage":true,"code":"ERR_ASSERTION","actual":false,"expected":true,"operator":"=="}},"order_list.0.mallPrice":{"stringValue":"\"NaN\"","kind":"Number","value":null,"path":"mallPrice","reason":{"generatedMessage":true,"code":"ERR_ASSERTION","actual":false,"expected":true,"operator":"=="}}}
_message: "OrderList validation failed"
pid: 13928
hostname: DESKTOP-H5UU7FJ

2020-07-06 10:33:16,454 ERROR 13928 [-/127.0.0.1/-/5ms POST /v1/order] nodejs.ValidationError: OrderList validation failed: mallPrice: Cast to Number failed for value "NaN" at path "mallPrice", order_list.0.mallPrice: Cast to Number failed for value "NaN" at path "mallPrice"
    at model.Document.invalidate (D:\前端\前端课程\项目\shopping-mall\server\node_modules\_mongoose@5.9.19@mongoose\lib\document.js:2574:32)
    at model.$set (D:\前端\前端课程\项目\shopping-mall\server\node_modules\_mongoose@5.9.19@mongoose\lib\document.js:1246:12)
    at model._handleIndex (D:\前端\前端课程\项目\shopping-mall\server\node_modules\_mongoose@5.9.19@mongoose\lib\document.js:979:14)
    at model.$set (D:\前端\前端课程\项目\shopping-mall\server\node_modules\_mongoose@5.9.19@mongoose\lib\document.js:920:22)
    at model.Document (D:\前端\前端课程\项目\shopping-mall\server\node_modules\_mongoose@5.9.19@mongoose\lib\document.js:139:12)
    at model.Model (D:\前端\前端课程\项目\shopping-mall\server\node_modules\_mongoose@5.9.19@mongoose\lib\model.js:107:12)
    at new model (D:\前端\前端课程\项目\shopping-mall\server\node_modules\_mongoose@5.9.19@mongoose\lib\model.js:4706:15)
    at OperatingGoodsController.order (D:\前端\前端课程\项目\shopping-mall\server\app\controller\api\operatingGoods.js:223:25)
    at runMicrotasks (<anonymous>)
    at processTicksAndRejections (internal/process/task_queues.js:97:5)
    at async D:\前端\前端课程\项目\shopping-mall\server\app\middleware\isLogin.js:15:13
    at async D:\前端\前端课程\项目\shopping-mall\server\node_modules\_egg-development@2.5.0@egg-development\app\middleware\egg_loader_trace.js:9:50
    at async xframe (D:\前端\前端课程\项目\shopping-mall\server\node_modules\_egg-security@2.8.0@egg-security\lib\middlewares\xframe.js:7:5)
    at async xssProtection (D:\前端\前端课程\项目\shopping-mall\server\node_modules\_egg-security@2.8.0@egg-security\lib\middlewares\xssProtection.js:7:5)
    at async nosniff (D:\前端\前端课程\项目\shopping-mall\server\node_modules\_egg-security@2.8.0@egg-security\lib\middlewares\nosniff.js:8:5)
    at async noopen (D:\前端\前端课程\项目\shopping-mall\server\node_modules\_egg-security@2.8.0@egg-security\lib\middlewares\noopen.js:8:5)
errors: {"mallPrice":{"stringValue":"\"NaN\"","kind":"Number","value":null,"path":"mallPrice","reason":{"generatedMessage":true,"code":"ERR_ASSERTION","actual":false,"expected":true,"operator":"=="}},"order_list.0.mallPrice":{"stringValue":"\"NaN\"","kind":"Number","value":null,"path":"mallPrice","reason":{"generatedMessage":true,"code":"ERR_ASSERTION","actual":false,"expected":true,"operator":"=="}}}
_message: "OrderList validation failed"
pid: 13928
hostname: DESKTOP-H5UU7FJ

2020-07-06 10:33:17,209 ERROR 13928 [-/127.0.0.1/-/8ms POST /v1/order] nodejs.ValidationError: OrderList validation failed: mallPrice: Cast to Number failed for value "NaN" at path "mallPrice", order_list.0.mallPrice: Cast to Number failed for value "NaN" at path "mallPrice"
    at model.Document.invalidate (D:\前端\前端课程\项目\shopping-mall\server\node_modules\_mongoose@5.9.19@mongoose\lib\document.js:2574:32)
    at model.$set (D:\前端\前端课程\项目\shopping-mall\server\node_modules\_mongoose@5.9.19@mongoose\lib\document.js:1246:12)
    at model._handleIndex (D:\前端\前端课程\项目\shopping-mall\server\node_modules\_mongoose@5.9.19@mongoose\lib\document.js:979:14)
    at model.$set (D:\前端\前端课程\项目\shopping-mall\server\node_modules\_mongoose@5.9.19@mongoose\lib\document.js:920:22)
    at model.Document (D:\前端\前端课程\项目\shopping-mall\server\node_modules\_mongoose@5.9.19@mongoose\lib\document.js:139:12)
    at model.Model (D:\前端\前端课程\项目\shopping-mall\server\node_modules\_mongoose@5.9.19@mongoose\lib\model.js:107:12)
    at new model (D:\前端\前端课程\项目\shopping-mall\server\node_modules\_mongoose@5.9.19@mongoose\lib\model.js:4706:15)
    at OperatingGoodsController.order (D:\前端\前端课程\项目\shopping-mall\server\app\controller\api\operatingGoods.js:223:25)
    at runMicrotasks (<anonymous>)
    at processTicksAndRejections (internal/process/task_queues.js:97:5)
    at async D:\前端\前端课程\项目\shopping-mall\server\app\middleware\isLogin.js:15:13
    at async D:\前端\前端课程\项目\shopping-mall\server\node_modules\_egg-development@2.5.0@egg-development\app\middleware\egg_loader_trace.js:9:50
    at async xframe (D:\前端\前端课程\项目\shopping-mall\server\node_modules\_egg-security@2.8.0@egg-security\lib\middlewares\xframe.js:7:5)
    at async xssProtection (D:\前端\前端课程\项目\shopping-mall\server\node_modules\_egg-security@2.8.0@egg-security\lib\middlewares\xssProtection.js:7:5)
    at async nosniff (D:\前端\前端课程\项目\shopping-mall\server\node_modules\_egg-security@2.8.0@egg-security\lib\middlewares\nosniff.js:8:5)
    at async noopen (D:\前端\前端课程\项目\shopping-mall\server\node_modules\_egg-security@2.8.0@egg-security\lib\middlewares\noopen.js:8:5)
errors: {"mallPrice":{"stringValue":"\"NaN\"","kind":"Number","value":null,"path":"mallPrice","reason":{"generatedMessage":true,"code":"ERR_ASSERTION","actual":false,"expected":true,"operator":"=="}},"order_list.0.mallPrice":{"stringValue":"\"NaN\"","kind":"Number","value":null,"path":"mallPrice","reason":{"generatedMessage":true,"code":"ERR_ASSERTION","actual":false,"expected":true,"operator":"=="}}}
_message: "OrderList validation failed"
pid: 13928
hostname: DESKTOP-H5UU7FJ

2020-07-06 10:33:17,356 ERROR 13928 [-/127.0.0.1/-/5ms POST /v1/order] nodejs.ValidationError: OrderList validation failed: mallPrice: Cast to Number failed for value "NaN" at path "mallPrice", order_list.0.mallPrice: Cast to Number failed for value "NaN" at path "mallPrice"
    at model.Document.invalidate (D:\前端\前端课程\项目\shopping-mall\server\node_modules\_mongoose@5.9.19@mongoose\lib\document.js:2574:32)
    at model.$set (D:\前端\前端课程\项目\shopping-mall\server\node_modules\_mongoose@5.9.19@mongoose\lib\document.js:1246:12)
    at model._handleIndex (D:\前端\前端课程\项目\shopping-mall\server\node_modules\_mongoose@5.9.19@mongoose\lib\document.js:979:14)
    at model.$set (D:\前端\前端课程\项目\shopping-mall\server\node_modules\_mongoose@5.9.19@mongoose\lib\document.js:920:22)
    at model.Document (D:\前端\前端课程\项目\shopping-mall\server\node_modules\_mongoose@5.9.19@mongoose\lib\document.js:139:12)
    at model.Model (D:\前端\前端课程\项目\shopping-mall\server\node_modules\_mongoose@5.9.19@mongoose\lib\model.js:107:12)
    at new model (D:\前端\前端课程\项目\shopping-mall\server\node_modules\_mongoose@5.9.19@mongoose\lib\model.js:4706:15)
    at OperatingGoodsController.order (D:\前端\前端课程\项目\shopping-mall\server\app\controller\api\operatingGoods.js:223:25)
    at runMicrotasks (<anonymous>)
    at processTicksAndRejections (internal/process/task_queues.js:97:5)
    at async D:\前端\前端课程\项目\shopping-mall\server\app\middleware\isLogin.js:15:13
    at async D:\前端\前端课程\项目\shopping-mall\server\node_modules\_egg-development@2.5.0@egg-development\app\middleware\egg_loader_trace.js:9:50
    at async xframe (D:\前端\前端课程\项目\shopping-mall\server\node_modules\_egg-security@2.8.0@egg-security\lib\middlewares\xframe.js:7:5)
    at async xssProtection (D:\前端\前端课程\项目\shopping-mall\server\node_modules\_egg-security@2.8.0@egg-security\lib\middlewares\xssProtection.js:7:5)
    at async nosniff (D:\前端\前端课程\项目\shopping-mall\server\node_modules\_egg-security@2.8.0@egg-security\lib\middlewares\nosniff.js:8:5)
    at async noopen (D:\前端\前端课程\项目\shopping-mall\server\node_modules\_egg-security@2.8.0@egg-security\lib\middlewares\noopen.js:8:5)
errors: {"mallPrice":{"stringValue":"\"NaN\"","kind":"Number","value":null,"path":"mallPrice","reason":{"generatedMessage":true,"code":"ERR_ASSERTION","actual":false,"expected":true,"operator":"=="}},"order_list.0.mallPrice":{"stringValue":"\"NaN\"","kind":"Number","value":null,"path":"mallPrice","reason":{"generatedMessage":true,"code":"ERR_ASSERTION","actual":false,"expected":true,"operator":"=="}}}
_message: "OrderList validation failed"
pid: 13928
hostname: DESKTOP-H5UU7FJ

2020-07-06 10:33:17,495 ERROR 13928 [-/127.0.0.1/-/5ms POST /v1/order] nodejs.ValidationError: OrderList validation failed: mallPrice: Cast to Number failed for value "NaN" at path "mallPrice", order_list.0.mallPrice: Cast to Number failed for value "NaN" at path "mallPrice"
    at model.Document.invalidate (D:\前端\前端课程\项目\shopping-mall\server\node_modules\_mongoose@5.9.19@mongoose\lib\document.js:2574:32)
    at model.$set (D:\前端\前端课程\项目\shopping-mall\server\node_modules\_mongoose@5.9.19@mongoose\lib\document.js:1246:12)
    at model._handleIndex (D:\前端\前端课程\项目\shopping-mall\server\node_modules\_mongoose@5.9.19@mongoose\lib\document.js:979:14)
    at model.$set (D:\前端\前端课程\项目\shopping-mall\server\node_modules\_mongoose@5.9.19@mongoose\lib\document.js:920:22)
    at model.Document (D:\前端\前端课程\项目\shopping-mall\server\node_modules\_mongoose@5.9.19@mongoose\lib\document.js:139:12)
    at model.Model (D:\前端\前端课程\项目\shopping-mall\server\node_modules\_mongoose@5.9.19@mongoose\lib\model.js:107:12)
    at new model (D:\前端\前端课程\项目\shopping-mall\server\node_modules\_mongoose@5.9.19@mongoose\lib\model.js:4706:15)
    at OperatingGoodsController.order (D:\前端\前端课程\项目\shopping-mall\server\app\controller\api\operatingGoods.js:223:25)
    at runMicrotasks (<anonymous>)
    at processTicksAndRejections (internal/process/task_queues.js:97:5)
    at async D:\前端\前端课程\项目\shopping-mall\server\app\middleware\isLogin.js:15:13
    at async D:\前端\前端课程\项目\shopping-mall\server\node_modules\_egg-development@2.5.0@egg-development\app\middleware\egg_loader_trace.js:9:50
    at async xframe (D:\前端\前端课程\项目\shopping-mall\server\node_modules\_egg-security@2.8.0@egg-security\lib\middlewares\xframe.js:7:5)
    at async xssProtection (D:\前端\前端课程\项目\shopping-mall\server\node_modules\_egg-security@2.8.0@egg-security\lib\middlewares\xssProtection.js:7:5)
    at async nosniff (D:\前端\前端课程\项目\shopping-mall\server\node_modules\_egg-security@2.8.0@egg-security\lib\middlewares\nosniff.js:8:5)
    at async noopen (D:\前端\前端课程\项目\shopping-mall\server\node_modules\_egg-security@2.8.0@egg-security\lib\middlewares\noopen.js:8:5)
errors: {"mallPrice":{"stringValue":"\"NaN\"","kind":"Number","value":null,"path":"mallPrice","reason":{"generatedMessage":true,"code":"ERR_ASSERTION","actual":false,"expected":true,"operator":"=="}},"order_list.0.mallPrice":{"stringValue":"\"NaN\"","kind":"Number","value":null,"path":"mallPrice","reason":{"generatedMessage":true,"code":"ERR_ASSERTION","actual":false,"expected":true,"operator":"=="}}}
_message: "OrderList validation failed"
pid: 13928
hostname: DESKTOP-H5UU7FJ

2020-07-06 10:33:17,649 ERROR 13928 [-/127.0.0.1/-/5ms POST /v1/order] nodejs.ValidationError: OrderList validation failed: mallPrice: Cast to Number failed for value "NaN" at path "mallPrice", order_list.0.mallPrice: Cast to Number failed for value "NaN" at path "mallPrice"
    at model.Document.invalidate (D:\前端\前端课程\项目\shopping-mall\server\node_modules\_mongoose@5.9.19@mongoose\lib\document.js:2574:32)
    at model.$set (D:\前端\前端课程\项目\shopping-mall\server\node_modules\_mongoose@5.9.19@mongoose\lib\document.js:1246:12)
    at model._handleIndex (D:\前端\前端课程\项目\shopping-mall\server\node_modules\_mongoose@5.9.19@mongoose\lib\document.js:979:14)
    at model.$set (D:\前端\前端课程\项目\shopping-mall\server\node_modules\_mongoose@5.9.19@mongoose\lib\document.js:920:22)
    at model.Document (D:\前端\前端课程\项目\shopping-mall\server\node_modules\_mongoose@5.9.19@mongoose\lib\document.js:139:12)
    at model.Model (D:\前端\前端课程\项目\shopping-mall\server\node_modules\_mongoose@5.9.19@mongoose\lib\model.js:107:12)
    at new model (D:\前端\前端课程\项目\shopping-mall\server\node_modules\_mongoose@5.9.19@mongoose\lib\model.js:4706:15)
    at OperatingGoodsController.order (D:\前端\前端课程\项目\shopping-mall\server\app\controller\api\operatingGoods.js:223:25)
    at runMicrotasks (<anonymous>)
    at processTicksAndRejections (internal/process/task_queues.js:97:5)
    at async D:\前端\前端课程\项目\shopping-mall\server\app\middleware\isLogin.js:15:13
    at async D:\前端\前端课程\项目\shopping-mall\server\node_modules\_egg-development@2.5.0@egg-development\app\middleware\egg_loader_trace.js:9:50
    at async xframe (D:\前端\前端课程\项目\shopping-mall\server\node_modules\_egg-security@2.8.0@egg-security\lib\middlewares\xframe.js:7:5)
    at async xssProtection (D:\前端\前端课程\项目\shopping-mall\server\node_modules\_egg-security@2.8.0@egg-security\lib\middlewares\xssProtection.js:7:5)
    at async nosniff (D:\前端\前端课程\项目\shopping-mall\server\node_modules\_egg-security@2.8.0@egg-security\lib\middlewares\nosniff.js:8:5)
    at async noopen (D:\前端\前端课程\项目\shopping-mall\server\node_modules\_egg-security@2.8.0@egg-security\lib\middlewares\noopen.js:8:5)
errors: {"mallPrice":{"stringValue":"\"NaN\"","kind":"Number","value":null,"path":"mallPrice","reason":{"generatedMessage":true,"code":"ERR_ASSERTION","actual":false,"expected":true,"operator":"=="}},"order_list.0.mallPrice":{"stringValue":"\"NaN\"","kind":"Number","value":null,"path":"mallPrice","reason":{"generatedMessage":true,"code":"ERR_ASSERTION","actual":false,"expected":true,"operator":"=="}}}
_message: "OrderList validation failed"
pid: 13928
hostname: DESKTOP-H5UU7FJ

2020-07-06 10:33:18,965 ERROR 13928 [-/127.0.0.1/-/4ms POST /v1/order] nodejs.ValidationError: OrderList validation failed: mallPrice: Cast to Number failed for value "NaN" at path "mallPrice", order_list.0.mallPrice: Cast to Number failed for value "NaN" at path "mallPrice"
    at model.Document.invalidate (D:\前端\前端课程\项目\shopping-mall\server\node_modules\_mongoose@5.9.19@mongoose\lib\document.js:2574:32)
    at model.$set (D:\前端\前端课程\项目\shopping-mall\server\node_modules\_mongoose@5.9.19@mongoose\lib\document.js:1246:12)
    at model._handleIndex (D:\前端\前端课程\项目\shopping-mall\server\node_modules\_mongoose@5.9.19@mongoose\lib\document.js:979:14)
    at model.$set (D:\前端\前端课程\项目\shopping-mall\server\node_modules\_mongoose@5.9.19@mongoose\lib\document.js:920:22)
    at model.Document (D:\前端\前端课程\项目\shopping-mall\server\node_modules\_mongoose@5.9.19@mongoose\lib\document.js:139:12)
    at model.Model (D:\前端\前端课程\项目\shopping-mall\server\node_modules\_mongoose@5.9.19@mongoose\lib\model.js:107:12)
    at new model (D:\前端\前端课程\项目\shopping-mall\server\node_modules\_mongoose@5.9.19@mongoose\lib\model.js:4706:15)
    at OperatingGoodsController.order (D:\前端\前端课程\项目\shopping-mall\server\app\controller\api\operatingGoods.js:223:25)
    at runMicrotasks (<anonymous>)
    at processTicksAndRejections (internal/process/task_queues.js:97:5)
    at async D:\前端\前端课程\项目\shopping-mall\server\app\middleware\isLogin.js:15:13
    at async D:\前端\前端课程\项目\shopping-mall\server\node_modules\_egg-development@2.5.0@egg-development\app\middleware\egg_loader_trace.js:9:50
    at async xframe (D:\前端\前端课程\项目\shopping-mall\server\node_modules\_egg-security@2.8.0@egg-security\lib\middlewares\xframe.js:7:5)
    at async xssProtection (D:\前端\前端课程\项目\shopping-mall\server\node_modules\_egg-security@2.8.0@egg-security\lib\middlewares\xssProtection.js:7:5)
    at async nosniff (D:\前端\前端课程\项目\shopping-mall\server\node_modules\_egg-security@2.8.0@egg-security\lib\middlewares\nosniff.js:8:5)
    at async noopen (D:\前端\前端课程\项目\shopping-mall\server\node_modules\_egg-security@2.8.0@egg-security\lib\middlewares\noopen.js:8:5)
errors: {"mallPrice":{"stringValue":"\"NaN\"","kind":"Number","value":null,"path":"mallPrice","reason":{"generatedMessage":true,"code":"ERR_ASSERTION","actual":false,"expected":true,"operator":"=="}},"order_list.0.mallPrice":{"stringValue":"\"NaN\"","kind":"Number","value":null,"path":"mallPrice","reason":{"generatedMessage":true,"code":"ERR_ASSERTION","actual":false,"expected":true,"operator":"=="}}}
_message: "OrderList validation failed"
pid: 13928
hostname: DESKTOP-H5UU7FJ

2020-07-06 10:33:32,482 ERROR 13928 [-/127.0.0.1/-/4ms POST /v1/order] nodejs.ValidationError: OrderList validation failed: mallPrice: Cast to Number failed for value "NaN" at path "mallPrice", order_list.0.mallPrice: Cast to Number failed for value "NaN" at path "mallPrice"
    at model.Document.invalidate (D:\前端\前端课程\项目\shopping-mall\server\node_modules\_mongoose@5.9.19@mongoose\lib\document.js:2574:32)
    at model.$set (D:\前端\前端课程\项目\shopping-mall\server\node_modules\_mongoose@5.9.19@mongoose\lib\document.js:1246:12)
    at model._handleIndex (D:\前端\前端课程\项目\shopping-mall\server\node_modules\_mongoose@5.9.19@mongoose\lib\document.js:979:14)
    at model.$set (D:\前端\前端课程\项目\shopping-mall\server\node_modules\_mongoose@5.9.19@mongoose\lib\document.js:920:22)
    at model.Document (D:\前端\前端课程\项目\shopping-mall\server\node_modules\_mongoose@5.9.19@mongoose\lib\document.js:139:12)
    at model.Model (D:\前端\前端课程\项目\shopping-mall\server\node_modules\_mongoose@5.9.19@mongoose\lib\model.js:107:12)
    at new model (D:\前端\前端课程\项目\shopping-mall\server\node_modules\_mongoose@5.9.19@mongoose\lib\model.js:4706:15)
    at OperatingGoodsController.order (D:\前端\前端课程\项目\shopping-mall\server\app\controller\api\operatingGoods.js:223:25)
    at runMicrotasks (<anonymous>)
    at processTicksAndRejections (internal/process/task_queues.js:97:5)
    at async D:\前端\前端课程\项目\shopping-mall\server\app\middleware\isLogin.js:15:13
    at async D:\前端\前端课程\项目\shopping-mall\server\node_modules\_egg-development@2.5.0@egg-development\app\middleware\egg_loader_trace.js:9:50
    at async xframe (D:\前端\前端课程\项目\shopping-mall\server\node_modules\_egg-security@2.8.0@egg-security\lib\middlewares\xframe.js:7:5)
    at async xssProtection (D:\前端\前端课程\项目\shopping-mall\server\node_modules\_egg-security@2.8.0@egg-security\lib\middlewares\xssProtection.js:7:5)
    at async nosniff (D:\前端\前端课程\项目\shopping-mall\server\node_modules\_egg-security@2.8.0@egg-security\lib\middlewares\nosniff.js:8:5)
    at async noopen (D:\前端\前端课程\项目\shopping-mall\server\node_modules\_egg-security@2.8.0@egg-security\lib\middlewares\noopen.js:8:5)
errors: {"mallPrice":{"stringValue":"\"NaN\"","kind":"Number","value":null,"path":"mallPrice","reason":{"generatedMessage":true,"code":"ERR_ASSERTION","actual":false,"expected":true,"operator":"=="}},"order_list.0.mallPrice":{"stringValue":"\"NaN\"","kind":"Number","value":null,"path":"mallPrice","reason":{"generatedMessage":true,"code":"ERR_ASSERTION","actual":false,"expected":true,"operator":"=="}}}
_message: "OrderList validation failed"
pid: 13928
hostname: DESKTOP-H5UU7FJ

2020-07-06 10:33:32,640 ERROR 13928 [-/127.0.0.1/-/5ms POST /v1/order] nodejs.ValidationError: OrderList validation failed: mallPrice: Cast to Number failed for value "NaN" at path "mallPrice", order_list.0.mallPrice: Cast to Number failed for value "NaN" at path "mallPrice"
    at model.Document.invalidate (D:\前端\前端课程\项目\shopping-mall\server\node_modules\_mongoose@5.9.19@mongoose\lib\document.js:2574:32)
    at model.$set (D:\前端\前端课程\项目\shopping-mall\server\node_modules\_mongoose@5.9.19@mongoose\lib\document.js:1246:12)
    at model._handleIndex (D:\前端\前端课程\项目\shopping-mall\server\node_modules\_mongoose@5.9.19@mongoose\lib\document.js:979:14)
    at model.$set (D:\前端\前端课程\项目\shopping-mall\server\node_modules\_mongoose@5.9.19@mongoose\lib\document.js:920:22)
    at model.Document (D:\前端\前端课程\项目\shopping-mall\server\node_modules\_mongoose@5.9.19@mongoose\lib\document.js:139:12)
    at model.Model (D:\前端\前端课程\项目\shopping-mall\server\node_modules\_mongoose@5.9.19@mongoose\lib\model.js:107:12)
    at new model (D:\前端\前端课程\项目\shopping-mall\server\node_modules\_mongoose@5.9.19@mongoose\lib\model.js:4706:15)
    at OperatingGoodsController.order (D:\前端\前端课程\项目\shopping-mall\server\app\controller\api\operatingGoods.js:223:25)
    at runMicrotasks (<anonymous>)
    at processTicksAndRejections (internal/process/task_queues.js:97:5)
    at async D:\前端\前端课程\项目\shopping-mall\server\app\middleware\isLogin.js:15:13
    at async D:\前端\前端课程\项目\shopping-mall\server\node_modules\_egg-development@2.5.0@egg-development\app\middleware\egg_loader_trace.js:9:50
    at async xframe (D:\前端\前端课程\项目\shopping-mall\server\node_modules\_egg-security@2.8.0@egg-security\lib\middlewares\xframe.js:7:5)
    at async xssProtection (D:\前端\前端课程\项目\shopping-mall\server\node_modules\_egg-security@2.8.0@egg-security\lib\middlewares\xssProtection.js:7:5)
    at async nosniff (D:\前端\前端课程\项目\shopping-mall\server\node_modules\_egg-security@2.8.0@egg-security\lib\middlewares\nosniff.js:8:5)
    at async noopen (D:\前端\前端课程\项目\shopping-mall\server\node_modules\_egg-security@2.8.0@egg-security\lib\middlewares\noopen.js:8:5)
errors: {"mallPrice":{"stringValue":"\"NaN\"","kind":"Number","value":null,"path":"mallPrice","reason":{"generatedMessage":true,"code":"ERR_ASSERTION","actual":false,"expected":true,"operator":"=="}},"order_list.0.mallPrice":{"stringValue":"\"NaN\"","kind":"Number","value":null,"path":"mallPrice","reason":{"generatedMessage":true,"code":"ERR_ASSERTION","actual":false,"expected":true,"operator":"=="}}}
_message: "OrderList validation failed"
pid: 13928
hostname: DESKTOP-H5UU7FJ

2020-07-06 11:54:46,016 ERROR 13928 [-/127.0.0.1/-/7ms POST /v1/order] nodejs.ValidationError: OrderList validation failed: mallPrice: Cast to Number failed for value "NaN" at path "mallPrice", order_list.0.mallPrice: Cast to Number failed for value "NaN" at path "mallPrice"
    at model.Document.invalidate (D:\前端\前端课程\项目\shopping-mall\server\node_modules\_mongoose@5.9.19@mongoose\lib\document.js:2574:32)
    at model.$set (D:\前端\前端课程\项目\shopping-mall\server\node_modules\_mongoose@5.9.19@mongoose\lib\document.js:1246:12)
    at model._handleIndex (D:\前端\前端课程\项目\shopping-mall\server\node_modules\_mongoose@5.9.19@mongoose\lib\document.js:979:14)
    at model.$set (D:\前端\前端课程\项目\shopping-mall\server\node_modules\_mongoose@5.9.19@mongoose\lib\document.js:920:22)
    at model.Document (D:\前端\前端课程\项目\shopping-mall\server\node_modules\_mongoose@5.9.19@mongoose\lib\document.js:139:12)
    at model.Model (D:\前端\前端课程\项目\shopping-mall\server\node_modules\_mongoose@5.9.19@mongoose\lib\model.js:107:12)
    at new model (D:\前端\前端课程\项目\shopping-mall\server\node_modules\_mongoose@5.9.19@mongoose\lib\model.js:4706:15)
    at OperatingGoodsController.order (D:\前端\前端课程\项目\shopping-mall\server\app\controller\api\operatingGoods.js:223:25)
    at runMicrotasks (<anonymous>)
    at processTicksAndRejections (internal/process/task_queues.js:97:5)
    at async D:\前端\前端课程\项目\shopping-mall\server\app\middleware\isLogin.js:15:13
    at async D:\前端\前端课程\项目\shopping-mall\server\node_modules\_egg-development@2.5.0@egg-development\app\middleware\egg_loader_trace.js:9:50
    at async xframe (D:\前端\前端课程\项目\shopping-mall\server\node_modules\_egg-security@2.8.0@egg-security\lib\middlewares\xframe.js:7:5)
    at async xssProtection (D:\前端\前端课程\项目\shopping-mall\server\node_modules\_egg-security@2.8.0@egg-security\lib\middlewares\xssProtection.js:7:5)
    at async nosniff (D:\前端\前端课程\项目\shopping-mall\server\node_modules\_egg-security@2.8.0@egg-security\lib\middlewares\nosniff.js:8:5)
    at async noopen (D:\前端\前端课程\项目\shopping-mall\server\node_modules\_egg-security@2.8.0@egg-security\lib\middlewares\noopen.js:8:5)
errors: {"mallPrice":{"stringValue":"\"NaN\"","kind":"Number","value":null,"path":"mallPrice","reason":{"generatedMessage":true,"code":"ERR_ASSERTION","actual":false,"expected":true,"operator":"=="}},"order_list.0.mallPrice":{"stringValue":"\"NaN\"","kind":"Number","value":null,"path":"mallPrice","reason":{"generatedMessage":true,"code":"ERR_ASSERTION","actual":false,"expected":true,"operator":"=="}}}
_message: "OrderList validation failed"
pid: 13928
hostname: DESKTOP-H5UU7FJ

